
============================================================
ВХОДЯЩИЙ ЗАПРОС
   Метод: GET
   Путь: /jobs/2
   Authorization: Bearer eyJhbGciOiJIUzI1NiIsInR5cCI6IkpXVCJ9.eyJzdW...
   Токен извлечен: eyJhbGciOiJIUzI1NiIsInR5cCI6Ik...
============================================================

ОТВЕТ: 200

============================================================
ВХОДЯЩИЙ ЗАПРОС
   Метод: GET
   Путь: /jobs/2
   Authorization: Bearer eyJhbGciOiJIUzI1NiIsInR5cCI6IkpXVCJ9.eyJzdW...
   Токен извлечен: eyJhbGciOiJIUzI1NiIsInR5cCI6Ik...
============================================================

ОТВЕТ: 200

============================================================
ВХОДЯЩИЙ ЗАПРОС
   Метод: GET
   Путь: /jobs/2
   Authorization: Bearer eyJhbGciOiJIUzI1NiIsInR5cCI6IkpXVCJ9.eyJzdW...
   Токен извлечен: eyJhbGciOiJIUzI1NiIsInR5cCI6Ik...
============================================================

ОТВЕТ: 200

============================================================
ВХОДЯЩИЙ ЗАПРОС
   Метод: GET
   Путь: /jobs/2
   Authorization: Bearer eyJhbGciOiJIUzI1NiIsInR5cCI6IkpXVCJ9.eyJzdW...
   Токен извлечен: eyJhbGciOiJIUzI1NiIsInR5cCI6Ik...
============================================================


============================================================
ВХОДЯЩИЙ ЗАПРОС
   Метод: GET
   Путь: /auth/me
   Authorization: Bearer eyJhbGciOiJIUzI1NiIsInR5cCI6IkpXVCJ9.eyJzdW...
   Токен извлечен: eyJhbGciOiJIUzI1NiIsInR5cCI6Ik...
============================================================


============================================================
ФУНКЦИЯ get_current_user ВЫЗВАНА
   Метод: GET
   Путь: /auth/me
   Токен из request.state: eyJhbGciOiJIUzI1NiIsInR5cCI6Ik...
============================================================
ОТВЕТ: 200

============================================================
ВХОДЯЩИЙ ЗАПРОС
   Метод: GET
   Путь: /jobs/2
   Authorization: Bearer eyJhbGciOiJIUzI1NiIsInR5cCI6IkpXVCJ9.eyJzdW...
   Токен извлечен: eyJhbGciOiJIUzI1NiIsInR5cCI6Ik...
============================================================

ОТВЕТ: 200
ОТВЕТ: 200

============================================================
ВХОДЯЩИЙ ЗАПРОС
   Метод: GET
   Путь: /jobs/2
   Authorization: Bearer eyJhbGciOiJIUzI1NiIsInR5cCI6IkpXVCJ9.eyJzdW...
   Токен извлечен: eyJhbGciOiJIUzI1NiIsInR5cCI6Ik...
============================================================

ОТВЕТ: 200

============================================================
ВХОДЯЩИЙ ЗАПРОС
   Метод: GET
   Путь: /auth/me
   Authorization: Bearer eyJhbGciOiJIUzI1NiIsInR5cCI6IkpXVCJ9.eyJzdW...
   Токен извлечен: eyJhbGciOiJIUzI1NiIsInR5cCI6Ik...
============================================================


============================================================
ФУНКЦИЯ get_current_user ВЫЗВАНА
   Метод: GET
   Путь: /auth/me
   Токен из request.state: eyJhbGciOiJIUzI1NiIsInR5cCI6Ik...
============================================================
ОТВЕТ: 200

============================================================
ВХОДЯЩИЙ ЗАПРОС
   Метод: GET
   Путь: /jobs/2
   Authorization: Bearer eyJhbGciOiJIUzI1NiIsInR5cCI6IkpXVCJ9.eyJzdW...
   Токен извлечен: eyJhbGciOiJIUzI1NiIsInR5cCI6Ik...
============================================================

ОТВЕТ: 200

============================================================
ВХОДЯЩИЙ ЗАПРОС
   Метод: GET
   Путь: /auth/me
   Authorization: Bearer eyJhbGciOiJIUzI1NiIsInR5cCI6IkpXVCJ9.eyJzdW...
   Токен извлечен: eyJhbGciOiJIUzI1NiIsInR5cCI6Ik...
============================================================


============================================================
ФУНКЦИЯ get_current_user ВЫЗВАНА
   Метод: GET
   Путь: /auth/me
   Токен из request.state: eyJhbGciOiJIUzI1NiIsInR5cCI6Ik...
============================================================
ОТВЕТ: 200
МОДУЛЬ dependencies.py ЗАГРУЖЕН
МОДУЛЬ dependencies.py ЗАГРУЖЕН
МОДУЛЬ dependencies.py ЗАГРУЖЕН
МОДУЛЬ dependencies.py ЗАГРУЖЕН
МОДУЛЬ dependencies.py ЗАГРУЖЕН
МОДУЛЬ dependencies.py ЗАГРУЖЕН

============================================================
ВХОДЯЩИЙ ЗАПРОС
   Метод: GET
   Путь: /jobs/2
   Authorization: Bearer eyJhbGciOiJIUzI1NiIsInR5cCI6IkpXVCJ9.eyJzdW...
   Токен извлечен: eyJhbGciOiJIUzI1NiIsInR5cCI6Ik...
============================================================


============================================================
ВХОДЯЩИЙ ЗАПРОС
   Метод: GET
   Путь: /auth/me
   Authorization: Bearer eyJhbGciOiJIUzI1NiIsInR5cCI6IkpXVCJ9.eyJzdW...
   Токен извлечен: eyJhbGciOiJIUzI1NiIsInR5cCI6Ik...
============================================================


============================================================
ФУНКЦИЯ get_current_user ВЫЗВАНА
   Метод: GET
   Путь: /auth/me
   Токен из request.state: eyJhbGciOiJIUzI1NiIsInR5cCI6Ik...
============================================================
ОТВЕТ: 200

============================================================
ВХОДЯЩИЙ ЗАПРОС
   Метод: GET
   Путь: /jobs/2
   Authorization: Bearer eyJhbGciOiJIUzI1NiIsInR5cCI6IkpXVCJ9.eyJzdW...
   Токен извлечен: eyJhbGciOiJIUzI1NiIsInR5cCI6Ik...
============================================================

ОТВЕТ: 200
ОТВЕТ: 200

============================================================
ВХОДЯЩИЙ ЗАПРОС
   Метод: GET
   Путь: /auth/me
   Authorization: Bearer eyJhbGciOiJIUzI1NiIsInR5cCI6IkpXVCJ9.eyJzdW...
   Токен извлечен: eyJhbGciOiJIUzI1NiIsInR5cCI6Ik...
============================================================


============================================================
ФУНКЦИЯ get_current_user ВЫЗВАНА
   Метод: GET
   Путь: /auth/me
   Токен из request.state: eyJhbGciOiJIUzI1NiIsInR5cCI6Ik...
============================================================
ОТВЕТ: 200

============================================================
ВХОДЯЩИЙ ЗАПРОС
   Метод: GET
   Путь: /auth/me
   Authorization: Bearer eyJhbGciOiJIUzI1NiIsInR5cCI6IkpXVCJ9.eyJzdW...
   Токен извлечен: eyJhbGciOiJIUzI1NiIsInR5cCI6Ik...
============================================================


============================================================
ФУНКЦИЯ get_current_user ВЫЗВАНА
   Метод: GET
   Путь: /auth/me
   Токен из request.state: eyJhbGciOiJIUzI1NiIsInR5cCI6Ik...
============================================================
ОТВЕТ: 200

============================================================
ВХОДЯЩИЙ ЗАПРОС
   Метод: GET
   Путь: /jobs/
   Authorization: Bearer eyJhbGciOiJIUzI1NiIsInR5cCI6IkpXVCJ9.eyJzdW...
   Токен извлечен: eyJhbGciOiJIUzI1NiIsInR5cCI6Ik...
============================================================

ОТВЕТ: 200

============================================================
ВХОДЯЩИЙ ЗАПРОС
   Метод: GET
   Путь: /auth/me
   Authorization: Bearer eyJhbGciOiJIUzI1NiIsInR5cCI6IkpXVCJ9.eyJzdW...
   Токен извлечен: eyJhbGciOiJIUzI1NiIsInR5cCI6Ik...
============================================================


============================================================
ФУНКЦИЯ get_current_user ВЫЗВАНА
   Метод: GET
   Путь: /auth/me
   Токен из request.state: eyJhbGciOiJIUzI1NiIsInR5cCI6Ik...
============================================================
ОТВЕТ: 200

============================================================
ВХОДЯЩИЙ ЗАПРОС
   Метод: GET
   Путь: /jobs/
   Authorization: Bearer eyJhbGciOiJIUzI1NiIsInR5cCI6IkpXVCJ9.eyJzdW...
   Токен извлечен: eyJhbGciOiJIUzI1NiIsInR5cCI6Ik...
============================================================

ОТВЕТ: 200

============================================================
ВХОДЯЩИЙ ЗАПРОС
   Метод: GET
   Путь: /jobs/3
   Authorization: Bearer eyJhbGciOiJIUzI1NiIsInR5cCI6IkpXVCJ9.eyJzdW...
   Токен извлечен: eyJhbGciOiJIUzI1NiIsInR5cCI6Ik...
============================================================

ОТВЕТ: 200

============================================================
ВХОДЯЩИЙ ЗАПРОС
   Метод: GET
   Путь: /jobs/3
   Authorization: Bearer eyJhbGciOiJIUzI1NiIsInR5cCI6IkpXVCJ9.eyJzdW...
   Токен извлечен: eyJhbGciOiJIUzI1NiIsInR5cCI6Ik...
============================================================

ОТВЕТ: 200

============================================================
ВХОДЯЩИЙ ЗАПРОС
   Метод: GET
   Путь: /jobs/
   Authorization: Bearer eyJhbGciOiJIUzI1NiIsInR5cCI6IkpXVCJ9.eyJzdW...
   Токен извлечен: eyJhbGciOiJIUzI1NiIsInR5cCI6Ik...
============================================================

ОТВЕТ: 200

============================================================
ВХОДЯЩИЙ ЗАПРОС
   Метод: GET
   Путь: /jobs/
   Authorization: Bearer eyJhbGciOiJIUzI1NiIsInR5cCI6IkpXVCJ9.eyJzdW...
   Токен извлечен: eyJhbGciOiJIUzI1NiIsInR5cCI6Ik...
============================================================

ОТВЕТ: 200
